2016-06-03 8:47:32 - ----------------------------------------------------------
2016-06-03 8:47:32 - paylineSDK::__construct(584120*******3, y****************EV3, , , , , HOMO)
2016-06-03 8:47:32 - Request : DirectPaymentAPI.getToken(contract = 1234567 - cardNumber = 4970********2400)
2016-06-03 8:47:32 - Response : code = 02305
2016-06-03 8:47:41 - ----------------------------------------------------------
2016-06-03 8:47:41 - paylineSDK::__construct(584120*******3, y****************EV3, , , , , HOMO)
2016-06-03 8:47:41 - Request : DirectPaymentAPI.getToken(contract = 1234567 - cardNumber = 4970********2417)
2016-06-03 8:47:41 - Response : code = 02500 - token = 
2016-06-03 9:22:16 - ----------------------------------------------------------
2016-06-03 9:22:16 - paylineSDK::__construct(584120*******3, y****************EV3, , , , , HOMO)
2016-06-03 9:22:20 - Request : DirectPaymentAPI.verifyAuthentication(contract =  - card = 4970********4471)
2016-06-03 9:22:20 - Response : code = 02303
2016-06-03 13:14:28 - ----------------------------------------------------------
2016-06-03 13:14:28 - paylineSDK::__construct(584120*******3, y****************EV3, , , , , HOMO)
2016-06-03 13:14:29 - Request : DirectPaymentAPI.createWallet(contract = 1234567 - walletId = Wallet_-fj2-6 - card = 4970********4471)
2016-06-03 13:14:29 - Response : code = 02532
2016-06-03 13:14:46 - ----------------------------------------------------------
2016-06-03 13:14:46 - paylineSDK::__construct(584120*******3, y****************EV3, , , , , HOMO)
2016-06-03 13:14:46 - Request : DirectPaymentAPI.enableWallet(walletId = 1)
2016-06-03 13:14:46 - Response : code = 02532
2016-06-03 16:35:22 - ----------------------------------------------------------
2016-06-03 16:35:22 - paylineSDK::__construct(584120*******3, y****************EV3, , , , , )
2016-06-03 16:39:29 - ----------------------------------------------------------
2016-06-03 16:39:29 - paylineSDK::__construct(584120*******3, y****************EV3, , , , , )
2016-06-03 16:40:04 - ----------------------------------------------------------
2016-06-03 16:40:04 - paylineSDK::__construct(584120*******3, y****************EV3, , , , , )
2016-06-03 16:41:26 - ----------------------------------------------------------
2016-06-03 16:41:26 - paylineSDK::__construct(584120*******3, y****************EV3, , , , , )
2016-06-03 16:41:26 - Request : DirectPaymentAPI.getToken(contract = 4 - cardNumber = 4)
2016-06-03 16:41:26 - Exception : Unable to parse URL
2016-06-03 16:43:25 - ----------------------------------------------------------
2016-06-03 16:43:25 - paylineSDK::__construct(584120*******3, y****************EV3, , , , , )
2016-06-03 16:43:25 - Request : DirectPaymentAPI.getToken(contract = 4 - cardNumber = 4)
2016-06-03 16:43:25 - Exception : Unable to parse URL
2016-06-03 16:43:51 - ----------------------------------------------------------
2016-06-03 16:43:51 - paylineSDK::__construct(584120*******3, y****************EV3, , , , , )
2016-06-03 16:43:51 - Request : DirectPaymentAPI.getToken(contract = 4 - cardNumber = 4)
2016-06-03 16:43:51 - Exception : Unable to parse URL
