2016-05-31 15:29:58 - ----------------------------------------------------------
2016-05-31 15:29:58 - paylineSDK::__construct(, , , , , , HOMO)
2016-05-31 15:54:32 - ----------------------------------------------------------
2016-05-31 15:54:32 - paylineSDK::__construct(584120*******3, y****************EV3, , , , , HOMO)
2016-05-31 15:54:37 - ----------------------------------------------------------
2016-05-31 15:54:37 - paylineSDK::__construct(584120*******3, y****************EV3, , , , , HOMO)
2016-05-31 15:55:46 - ----------------------------------------------------------
2016-05-31 15:55:46 - paylineSDK::__construct(584120*******3, y****************EV3, , , , , HOMO)
2016-05-31 15:55:55 - ----------------------------------------------------------
2016-05-31 15:55:55 - paylineSDK::__construct(584120*******3, y****************EV3, , , , , HOMO)
2016-05-31 15:56:02 - ----------------------------------------------------------
2016-05-31 15:56:02 - paylineSDK::__construct(584120*******3, y****************EV3, , , , , HOMO)
2016-05-31 15:58:44 - ----------------------------------------------------------
2016-05-31 15:58:44 - paylineSDK::__construct(584120*******3, y****************EV3, , , , , HOMO)
2016-05-31 16:03:21 - ----------------------------------------------------------
2016-05-31 16:03:21 - paylineSDK::__construct(584120*******3, y****************EV3, , , , , HOMO)
2016-05-31 16:22:01 - ----------------------------------------------------------
2016-05-31 16:22:01 - paylineSDK::__construct(584120*******3, y****************EV3, , , , , HOMO)
2016-05-31 16:22:02 - Request : WebPaymentAPI.doWebPayment(order.ref = PHP-1464711713)
2016-05-31 16:22:02 - Response : code = 02303
2016-05-31 16:22:54 - ----------------------------------------------------------
2016-05-31 16:22:54 - paylineSDK::__construct(584120*******3, y****************EV3, , , , , HOMO)
2016-05-31 16:22:56 - Request : WebPaymentAPI.doWebPayment(order.ref = PHP-1464711753)
2016-05-31 16:22:56 - Response : code = 02303
2016-05-31 16:26:41 - ----------------------------------------------------------
2016-05-31 16:26:41 - paylineSDK::__construct(584120*******3, y****************EV3, , , , , HOMO)
2016-05-31 16:26:43 - Request : WebPaymentAPI.doWebPayment(order.ref = PHP-1464711998)
2016-05-31 16:26:43 - Response : code = 02305
2016-05-31 16:27:33 - ----------------------------------------------------------
2016-05-31 16:27:33 - paylineSDK::__construct(584120*******3, y****************EV3, , , , , HOMO)
2016-05-31 16:27:34 - Request : WebPaymentAPI.doWebPayment(order.ref = PHP-1464712052)
2016-05-31 16:27:34 - Response : code = 02305
2016-05-31 16:28:32 - ----------------------------------------------------------
2016-05-31 16:28:32 - paylineSDK::__construct(584120*******3, y****************EV3, , , , , HOMO)
2016-05-31 16:28:34 - Request : WebPaymentAPI.doWebPayment(order.ref = PHP-1464712110)
2016-05-31 16:28:34 - Response : code = 00000 - token = 27msFxqoEORoj0mXg2581464712113998
